[08:30:51:850] [INFO] - org.springframework.boot.test.context.SpringBootTestContextBootstrapper
     --- org.springframework.test.context.support.AbstractTestContextBootstrapper.buildDefaultMergedContextConfiguration(AbstractTestContextBootstrapper.java:308) Neither @ContextConfiguration nor @ContextHierarchy found for test class [chengweiou.universe.milkyway.controller.me.PersonTest], using SpringBootContextLoader
[08:30:51:861] [INFO] - org.springframework.test.context.support.AbstractContextLoader
     --- org.springframework.test.context.support.AbstractContextLoader.generateDefaultLocations(AbstractContextLoader.java:264) Could not detect default resource locations for test class [chengweiou.universe.milkyway.controller.me.PersonTest]: no resource found for suffixes {-context.xml, Context.groovy}.
[08:30:51:862] [INFO] - org.springframework.test.context.support.AnnotationConfigContextLoaderUtils
     --- org.springframework.test.context.support.AnnotationConfigContextLoaderUtils.detectDefaultConfigurationClasses(AnnotationConfigContextLoaderUtils.java:83) Could not detect default configuration classes for test class [chengweiou.universe.milkyway.controller.me.PersonTest]: PersonTest does not declare any static, non-private, non-final, nested classes annotated with @Configuration.
[08:30:52:003] [INFO] - org.springframework.boot.test.context.SpringBootTestContextBootstrapper
     --- org.springframework.boot.test.context.SpringBootTestContextBootstrapper.getOrFindConfigurationClasses(SpringBootTestContextBootstrapper.java:237) Found @SpringBootConfiguration chengweiou.universe.milkyway.MilkywayApplication for test class chengweiou.universe.milkyway.controller.me.PersonTest
[08:30:52:096] [INFO] - org.springframework.boot.test.context.SpringBootTestContextBootstrapper
     --- org.springframework.test.context.support.AbstractTestContextBootstrapper.getDefaultTestExecutionListenerClassNames(AbstractTestContextBootstrapper.java:248) Loaded default TestExecutionListener class names from location [META-INF/spring.factories]: [org.springframework.boot.test.autoconfigure.restdocs.RestDocsTestExecutionListener, org.springframework.boot.test.autoconfigure.web.client.MockRestServiceServerResetTestExecutionListener, org.springframework.boot.test.autoconfigure.web.servlet.MockMvcPrintOnlyOnFailureTestExecutionListener, org.springframework.boot.test.autoconfigure.web.servlet.WebDriverTestExecutionListener, org.springframework.boot.test.autoconfigure.webservices.client.MockWebServiceServerTestExecutionListener, org.springframework.boot.test.mock.mockito.MockitoTestExecutionListener, org.springframework.boot.test.mock.mockito.ResetMocksTestExecutionListener, org.springframework.test.context.web.ServletTestExecutionListener, org.springframework.test.context.support.DirtiesContextBeforeModesTestExecutionListener, org.springframework.test.context.support.DependencyInjectionTestExecutionListener, org.springframework.test.context.support.DirtiesContextTestExecutionListener, org.springframework.test.context.transaction.TransactionalTestExecutionListener, org.springframework.test.context.jdbc.SqlScriptsTestExecutionListener, org.springframework.test.context.event.EventPublishingTestExecutionListener]
[08:30:52:112] [INFO] - org.springframework.boot.test.context.SpringBootTestContextBootstrapper
     --- org.springframework.test.context.support.AbstractTestContextBootstrapper.getTestExecutionListeners(AbstractTestContextBootstrapper.java:177) Using TestExecutionListeners: [org.springframework.test.context.web.ServletTestExecutionListener@4351171a, org.springframework.test.context.support.DirtiesContextBeforeModesTestExecutionListener@3c2772d1, org.springframework.boot.test.mock.mockito.MockitoTestExecutionListener@37d00a23, org.springframework.boot.test.autoconfigure.SpringBootDependencyInjectionTestExecutionListener@433e536f, org.springframework.test.context.support.DirtiesContextTestExecutionListener@89c65d5, org.springframework.test.context.transaction.TransactionalTestExecutionListener@faa3fed, org.springframework.test.context.jdbc.SqlScriptsTestExecutionListener@381cad29, org.springframework.test.context.event.EventPublishingTestExecutionListener@988246e, org.springframework.boot.test.autoconfigure.restdocs.RestDocsTestExecutionListener@62515a47, org.springframework.boot.test.autoconfigure.web.client.MockRestServiceServerResetTestExecutionListener@3c5a54b7, org.springframework.boot.test.autoconfigure.web.servlet.MockMvcPrintOnlyOnFailureTestExecutionListener@61f2c3f0, org.springframework.boot.test.autoconfigure.web.servlet.WebDriverTestExecutionListener@291120f4, org.springframework.boot.test.autoconfigure.webservices.client.MockWebServiceServerTestExecutionListener@417ad4f3, org.springframework.boot.test.mock.mockito.ResetMocksTestExecutionListener@2f6bcf87]
[08:30:52:494] [INFO] - chengweiou.universe.milkyway.controller.me.PersonTest
     --- org.springframework.boot.StartupInfoLogger.logStarting(StartupInfoLogger.java:55) Starting PersonTest on chengweis-MBP.lan with PID 91303 (started by chengweiou in /Users/chengweiou/Desktop/project/universe/milkyway)
[08:30:52:497] [INFO] - chengweiou.universe.milkyway.controller.me.PersonTest
     --- org.springframework.boot.SpringApplication.logStartupProfileInfo(SpringApplication.java:655) The following profiles are active: test
[08:30:53:597] [INFO] - org.springframework.data.repository.config.RepositoryConfigurationDelegate
     --- org.springframework.data.repository.config.RepositoryConfigurationDelegate.multipleStoresDetected(RepositoryConfigurationDelegate.java:249) Multiple Spring Data modules found, entering strict repository configuration mode!
[08:30:53:601] [INFO] - org.springframework.data.repository.config.RepositoryConfigurationDelegate
     --- org.springframework.data.repository.config.RepositoryConfigurationDelegate.registerRepositoriesIn(RepositoryConfigurationDelegate.java:127) Bootstrapping Spring Data Redis repositories in DEFAULT mode.
[08:30:53:636] [INFO] - org.springframework.data.repository.config.RepositoryConfigurationDelegate
     --- org.springframework.data.repository.config.RepositoryConfigurationDelegate.registerRepositoriesIn(RepositoryConfigurationDelegate.java:187) Finished Spring Data repository scanning in 18ms. Found 0 Redis repository interfaces.
[08:30:54:534] [INFO] - com.zaxxer.hikari.HikariDataSource
     --- com.zaxxer.hikari.HikariDataSource.getConnection(HikariDataSource.java:110) HikariPool-1 - Starting...
[08:30:54:822] [INFO] - com.zaxxer.hikari.HikariDataSource
     --- com.zaxxer.hikari.HikariDataSource.getConnection(HikariDataSource.java:123) HikariPool-1 - Start completed.
[08:30:56:410] [INFO] - org.springframework.scheduling.concurrent.ThreadPoolTaskExecutor
     --- org.springframework.scheduling.concurrent.ExecutorConfigurationSupport.initialize(ExecutorConfigurationSupport.java:181) Initializing ExecutorService 'applicationTaskExecutor'
[08:30:57:889] [INFO] - org.springframework.boot.autoconfigure.h2.H2ConsoleAutoConfiguration
     --- org.springframework.boot.autoconfigure.h2.H2ConsoleAutoConfiguration.lambda$h2Console$0(H2ConsoleAutoConfiguration.java:74) H2 console available at '/h2-console'. Database available at 'jdbc:h2:mem:test'
[08:30:57:972] [INFO] - org.springframework.boot.actuate.endpoint.web.EndpointLinksResolver
     --- org.springframework.boot.actuate.endpoint.web.EndpointLinksResolver.<init>(EndpointLinksResolver.java:58) Exposing 2 endpoint(s) beneath base path '/actuator'
[08:30:58:081] [INFO] - chengweiou.universe.milkyway.controller.me.PersonTest
     --- org.springframework.boot.StartupInfoLogger.logStarted(StartupInfoLogger.java:61) Started PersonTest in 5.916 seconds (JVM running for 7.86)
[08:30:58:131] [INFO] - org.springframework.boot.test.mock.web.SpringBootMockServletContext
     --- org.springframework.mock.web.MockServletContext.log(MockServletContext.java:455) Initializing Spring TestDispatcherServlet ''
[08:30:58:131] [INFO] - org.springframework.test.web.servlet.TestDispatcherServlet
     --- org.springframework.web.servlet.FrameworkServlet.initServletBean(FrameworkServlet.java:525) Initializing Servlet ''
[08:30:58:143] [INFO] - org.springframework.test.web.servlet.TestDispatcherServlet
     --- org.springframework.web.servlet.FrameworkServlet.initServletBean(FrameworkServlet.java:547) Completed initialization in 12 ms
[08:30:58:544] [INFO] - org.springframework.boot.test.mock.web.SpringBootMockServletContext
     --- org.springframework.mock.web.MockServletContext.log(MockServletContext.java:455) Initializing Spring TestDispatcherServlet ''
[08:30:58:544] [INFO] - org.springframework.test.web.servlet.TestDispatcherServlet
     --- org.springframework.web.servlet.FrameworkServlet.initServletBean(FrameworkServlet.java:525) Initializing Servlet ''
[08:30:58:549] [INFO] - org.springframework.test.web.servlet.TestDispatcherServlet
     --- org.springframework.web.servlet.FrameworkServlet.initServletBean(FrameworkServlet.java:547) Completed initialization in 5 ms
[08:30:58:602] [INFO] - org.springframework.boot.test.mock.web.SpringBootMockServletContext
     --- org.springframework.mock.web.MockServletContext.log(MockServletContext.java:455) Initializing Spring TestDispatcherServlet ''
[08:30:58:603] [INFO] - org.springframework.test.web.servlet.TestDispatcherServlet
     --- org.springframework.web.servlet.FrameworkServlet.initServletBean(FrameworkServlet.java:525) Initializing Servlet ''
[08:30:58:609] [INFO] - org.springframework.test.web.servlet.TestDispatcherServlet
     --- org.springframework.web.servlet.FrameworkServlet.initServletBean(FrameworkServlet.java:547) Completed initialization in 5 ms
[08:30:58:674] [INFO] - org.springframework.boot.test.context.SpringBootTestContextBootstrapper
     --- org.springframework.test.context.support.AbstractTestContextBootstrapper.buildDefaultMergedContextConfiguration(AbstractTestContextBootstrapper.java:308) Neither @ContextConfiguration nor @ContextHierarchy found for test class [chengweiou.universe.milkyway.controller.mg.PetTest], using SpringBootContextLoader
[08:30:58:676] [INFO] - org.springframework.test.context.support.AbstractContextLoader
     --- org.springframework.test.context.support.AbstractContextLoader.generateDefaultLocations(AbstractContextLoader.java:264) Could not detect default resource locations for test class [chengweiou.universe.milkyway.controller.mg.PetTest]: no resource found for suffixes {-context.xml, Context.groovy}.
[08:30:58:676] [INFO] - org.springframework.test.context.support.AnnotationConfigContextLoaderUtils
     --- org.springframework.test.context.support.AnnotationConfigContextLoaderUtils.detectDefaultConfigurationClasses(AnnotationConfigContextLoaderUtils.java:83) Could not detect default configuration classes for test class [chengweiou.universe.milkyway.controller.mg.PetTest]: PetTest does not declare any static, non-private, non-final, nested classes annotated with @Configuration.
[08:30:58:683] [INFO] - org.springframework.boot.test.context.SpringBootTestContextBootstrapper
     --- org.springframework.boot.test.context.SpringBootTestContextBootstrapper.getOrFindConfigurationClasses(SpringBootTestContextBootstrapper.java:237) Found @SpringBootConfiguration chengweiou.universe.milkyway.MilkywayApplication for test class chengweiou.universe.milkyway.controller.mg.PetTest
[08:30:58:684] [INFO] - org.springframework.boot.test.context.SpringBootTestContextBootstrapper
     --- org.springframework.test.context.support.AbstractTestContextBootstrapper.getDefaultTestExecutionListenerClassNames(AbstractTestContextBootstrapper.java:248) Loaded default TestExecutionListener class names from location [META-INF/spring.factories]: [org.springframework.boot.test.autoconfigure.restdocs.RestDocsTestExecutionListener, org.springframework.boot.test.autoconfigure.web.client.MockRestServiceServerResetTestExecutionListener, org.springframework.boot.test.autoconfigure.web.servlet.MockMvcPrintOnlyOnFailureTestExecutionListener, org.springframework.boot.test.autoconfigure.web.servlet.WebDriverTestExecutionListener, org.springframework.boot.test.autoconfigure.webservices.client.MockWebServiceServerTestExecutionListener, org.springframework.boot.test.mock.mockito.MockitoTestExecutionListener, org.springframework.boot.test.mock.mockito.ResetMocksTestExecutionListener, org.springframework.test.context.web.ServletTestExecutionListener, org.springframework.test.context.support.DirtiesContextBeforeModesTestExecutionListener, org.springframework.test.context.support.DependencyInjectionTestExecutionListener, org.springframework.test.context.support.DirtiesContextTestExecutionListener, org.springframework.test.context.transaction.TransactionalTestExecutionListener, org.springframework.test.context.jdbc.SqlScriptsTestExecutionListener, org.springframework.test.context.event.EventPublishingTestExecutionListener]
[08:30:58:685] [INFO] - org.springframework.boot.test.context.SpringBootTestContextBootstrapper
     --- org.springframework.test.context.support.AbstractTestContextBootstrapper.getTestExecutionListeners(AbstractTestContextBootstrapper.java:177) Using TestExecutionListeners: [org.springframework.test.context.web.ServletTestExecutionListener@27ea552d, org.springframework.test.context.support.DirtiesContextBeforeModesTestExecutionListener@7a57c5d9, org.springframework.boot.test.mock.mockito.MockitoTestExecutionListener@742aa00a, org.springframework.boot.test.autoconfigure.SpringBootDependencyInjectionTestExecutionListener@2be208db, org.springframework.test.context.support.DirtiesContextTestExecutionListener@5ed463b7, org.springframework.test.context.transaction.TransactionalTestExecutionListener@1ae90cb9, org.springframework.test.context.jdbc.SqlScriptsTestExecutionListener@3b62c51e, org.springframework.test.context.event.EventPublishingTestExecutionListener@7db679, org.springframework.boot.test.autoconfigure.restdocs.RestDocsTestExecutionListener@7dc9b41a, org.springframework.boot.test.autoconfigure.web.client.MockRestServiceServerResetTestExecutionListener@2f97e3de, org.springframework.boot.test.autoconfigure.web.servlet.MockMvcPrintOnlyOnFailureTestExecutionListener@2f09907, org.springframework.boot.test.autoconfigure.web.servlet.WebDriverTestExecutionListener@6f53295e, org.springframework.boot.test.autoconfigure.webservices.client.MockWebServiceServerTestExecutionListener@5f8a29ca, org.springframework.boot.test.mock.mockito.ResetMocksTestExecutionListener@4f93a8f6]
[08:30:58:693] [INFO] - org.springframework.boot.test.mock.web.SpringBootMockServletContext
     --- org.springframework.mock.web.MockServletContext.log(MockServletContext.java:455) Initializing Spring TestDispatcherServlet ''
[08:30:58:694] [INFO] - org.springframework.test.web.servlet.TestDispatcherServlet
     --- org.springframework.web.servlet.FrameworkServlet.initServletBean(FrameworkServlet.java:525) Initializing Servlet ''
[08:30:58:696] [INFO] - org.springframework.test.web.servlet.TestDispatcherServlet
     --- org.springframework.web.servlet.FrameworkServlet.initServletBean(FrameworkServlet.java:547) Completed initialization in 2 ms
[08:30:58:747] [INFO] - org.springframework.boot.test.mock.web.SpringBootMockServletContext
     --- org.springframework.mock.web.MockServletContext.log(MockServletContext.java:455) Initializing Spring TestDispatcherServlet ''
[08:30:58:748] [INFO] - org.springframework.test.web.servlet.TestDispatcherServlet
     --- org.springframework.web.servlet.FrameworkServlet.initServletBean(FrameworkServlet.java:525) Initializing Servlet ''
[08:30:58:754] [INFO] - org.springframework.test.web.servlet.TestDispatcherServlet
     --- org.springframework.web.servlet.FrameworkServlet.initServletBean(FrameworkServlet.java:547) Completed initialization in 6 ms
[08:30:58:805] [INFO] - org.springframework.boot.test.mock.web.SpringBootMockServletContext
     --- org.springframework.mock.web.MockServletContext.log(MockServletContext.java:455) Initializing Spring TestDispatcherServlet ''
[08:30:58:805] [INFO] - org.springframework.test.web.servlet.TestDispatcherServlet
     --- org.springframework.web.servlet.FrameworkServlet.initServletBean(FrameworkServlet.java:525) Initializing Servlet ''
[08:30:58:814] [INFO] - org.springframework.test.web.servlet.TestDispatcherServlet
     --- org.springframework.web.servlet.FrameworkServlet.initServletBean(FrameworkServlet.java:547) Completed initialization in 7 ms
[08:30:58:845] [INFO] - org.springframework.boot.test.mock.web.SpringBootMockServletContext
     --- org.springframework.mock.web.MockServletContext.log(MockServletContext.java:455) Initializing Spring TestDispatcherServlet ''
[08:30:58:846] [INFO] - org.springframework.test.web.servlet.TestDispatcherServlet
     --- org.springframework.web.servlet.FrameworkServlet.initServletBean(FrameworkServlet.java:525) Initializing Servlet ''
[08:30:58:853] [INFO] - org.springframework.test.web.servlet.TestDispatcherServlet
     --- org.springframework.web.servlet.FrameworkServlet.initServletBean(FrameworkServlet.java:547) Completed initialization in 6 ms
[08:30:58:896] [INFO] - org.springframework.boot.test.context.SpringBootTestContextBootstrapper
     --- org.springframework.test.context.support.AbstractTestContextBootstrapper.buildDefaultMergedContextConfiguration(AbstractTestContextBootstrapper.java:308) Neither @ContextConfiguration nor @ContextHierarchy found for test class [chengweiou.universe.milkyway.controller.mg.PersonTest], using SpringBootContextLoader
[08:30:58:900] [INFO] - org.springframework.test.context.support.AbstractContextLoader
     --- org.springframework.test.context.support.AbstractContextLoader.generateDefaultLocations(AbstractContextLoader.java:264) Could not detect default resource locations for test class [chengweiou.universe.milkyway.controller.mg.PersonTest]: no resource found for suffixes {-context.xml, Context.groovy}.
[08:30:58:900] [INFO] - org.springframework.test.context.support.AnnotationConfigContextLoaderUtils
     --- org.springframework.test.context.support.AnnotationConfigContextLoaderUtils.detectDefaultConfigurationClasses(AnnotationConfigContextLoaderUtils.java:83) Could not detect default configuration classes for test class [chengweiou.universe.milkyway.controller.mg.PersonTest]: PersonTest does not declare any static, non-private, non-final, nested classes annotated with @Configuration.
[08:30:58:903] [INFO] - org.springframework.boot.test.context.SpringBootTestContextBootstrapper
     --- org.springframework.boot.test.context.SpringBootTestContextBootstrapper.getOrFindConfigurationClasses(SpringBootTestContextBootstrapper.java:237) Found @SpringBootConfiguration chengweiou.universe.milkyway.MilkywayApplication for test class chengweiou.universe.milkyway.controller.mg.PersonTest
[08:30:58:907] [INFO] - org.springframework.boot.test.context.SpringBootTestContextBootstrapper
     --- org.springframework.test.context.support.AbstractTestContextBootstrapper.getDefaultTestExecutionListenerClassNames(AbstractTestContextBootstrapper.java:248) Loaded default TestExecutionListener class names from location [META-INF/spring.factories]: [org.springframework.boot.test.autoconfigure.restdocs.RestDocsTestExecutionListener, org.springframework.boot.test.autoconfigure.web.client.MockRestServiceServerResetTestExecutionListener, org.springframework.boot.test.autoconfigure.web.servlet.MockMvcPrintOnlyOnFailureTestExecutionListener, org.springframework.boot.test.autoconfigure.web.servlet.WebDriverTestExecutionListener, org.springframework.boot.test.autoconfigure.webservices.client.MockWebServiceServerTestExecutionListener, org.springframework.boot.test.mock.mockito.MockitoTestExecutionListener, org.springframework.boot.test.mock.mockito.ResetMocksTestExecutionListener, org.springframework.test.context.web.ServletTestExecutionListener, org.springframework.test.context.support.DirtiesContextBeforeModesTestExecutionListener, org.springframework.test.context.support.DependencyInjectionTestExecutionListener, org.springframework.test.context.support.DirtiesContextTestExecutionListener, org.springframework.test.context.transaction.TransactionalTestExecutionListener, org.springframework.test.context.jdbc.SqlScriptsTestExecutionListener, org.springframework.test.context.event.EventPublishingTestExecutionListener]
[08:30:58:908] [INFO] - org.springframework.boot.test.context.SpringBootTestContextBootstrapper
     --- org.springframework.test.context.support.AbstractTestContextBootstrapper.getTestExecutionListeners(AbstractTestContextBootstrapper.java:177) Using TestExecutionListeners: [org.springframework.test.context.web.ServletTestExecutionListener@5d03df76, org.springframework.test.context.support.DirtiesContextBeforeModesTestExecutionListener@17f7a1af, org.springframework.boot.test.mock.mockito.MockitoTestExecutionListener@d62feaf, org.springframework.boot.test.autoconfigure.SpringBootDependencyInjectionTestExecutionListener@3093161a, org.springframework.test.context.support.DirtiesContextTestExecutionListener@73a88711, org.springframework.test.context.transaction.TransactionalTestExecutionListener@5978ba12, org.springframework.test.context.jdbc.SqlScriptsTestExecutionListener@43f5b014, org.springframework.test.context.event.EventPublishingTestExecutionListener@6b7e4db6, org.springframework.boot.test.autoconfigure.restdocs.RestDocsTestExecutionListener@5c59dfc7, org.springframework.boot.test.autoconfigure.web.client.MockRestServiceServerResetTestExecutionListener@40ed4674, org.springframework.boot.test.autoconfigure.web.servlet.MockMvcPrintOnlyOnFailureTestExecutionListener@2ef63b6d, org.springframework.boot.test.autoconfigure.web.servlet.WebDriverTestExecutionListener@377cc0f8, org.springframework.boot.test.autoconfigure.webservices.client.MockWebServiceServerTestExecutionListener@25c98637, org.springframework.boot.test.mock.mockito.ResetMocksTestExecutionListener@fbdba1c]
[08:30:58:919] [INFO] - org.springframework.boot.test.mock.web.SpringBootMockServletContext
     --- org.springframework.mock.web.MockServletContext.log(MockServletContext.java:455) Initializing Spring TestDispatcherServlet ''
[08:30:58:919] [INFO] - org.springframework.test.web.servlet.TestDispatcherServlet
     --- org.springframework.web.servlet.FrameworkServlet.initServletBean(FrameworkServlet.java:525) Initializing Servlet ''
[08:30:58:923] [INFO] - org.springframework.test.web.servlet.TestDispatcherServlet
     --- org.springframework.web.servlet.FrameworkServlet.initServletBean(FrameworkServlet.java:547) Completed initialization in 4 ms
[08:30:58:976] [INFO] - org.springframework.boot.test.mock.web.SpringBootMockServletContext
     --- org.springframework.mock.web.MockServletContext.log(MockServletContext.java:455) Initializing Spring TestDispatcherServlet ''
[08:30:58:977] [INFO] - org.springframework.test.web.servlet.TestDispatcherServlet
     --- org.springframework.web.servlet.FrameworkServlet.initServletBean(FrameworkServlet.java:525) Initializing Servlet ''
[08:30:58:983] [INFO] - org.springframework.test.web.servlet.TestDispatcherServlet
     --- org.springframework.web.servlet.FrameworkServlet.initServletBean(FrameworkServlet.java:547) Completed initialization in 6 ms
[08:30:59:024] [INFO] - org.springframework.boot.test.mock.web.SpringBootMockServletContext
     --- org.springframework.mock.web.MockServletContext.log(MockServletContext.java:455) Initializing Spring TestDispatcherServlet ''
[08:30:59:024] [INFO] - org.springframework.test.web.servlet.TestDispatcherServlet
     --- org.springframework.web.servlet.FrameworkServlet.initServletBean(FrameworkServlet.java:525) Initializing Servlet ''
[08:30:59:030] [INFO] - org.springframework.test.web.servlet.TestDispatcherServlet
     --- org.springframework.web.servlet.FrameworkServlet.initServletBean(FrameworkServlet.java:547) Completed initialization in 5 ms
[08:30:59:081] [INFO] - org.springframework.boot.test.mock.web.SpringBootMockServletContext
     --- org.springframework.mock.web.MockServletContext.log(MockServletContext.java:455) Initializing Spring TestDispatcherServlet ''
[08:30:59:082] [INFO] - org.springframework.test.web.servlet.TestDispatcherServlet
     --- org.springframework.web.servlet.FrameworkServlet.initServletBean(FrameworkServlet.java:525) Initializing Servlet ''
[08:30:59:088] [INFO] - org.springframework.test.web.servlet.TestDispatcherServlet
     --- org.springframework.web.servlet.FrameworkServlet.initServletBean(FrameworkServlet.java:547) Completed initialization in 4 ms
[08:30:59:130] [INFO] - org.springframework.boot.test.mock.web.SpringBootMockServletContext
     --- org.springframework.mock.web.MockServletContext.log(MockServletContext.java:455) Initializing Spring TestDispatcherServlet ''
[08:30:59:131] [INFO] - org.springframework.test.web.servlet.TestDispatcherServlet
     --- org.springframework.web.servlet.FrameworkServlet.initServletBean(FrameworkServlet.java:525) Initializing Servlet ''
[08:30:59:139] [INFO] - org.springframework.test.web.servlet.TestDispatcherServlet
     --- org.springframework.web.servlet.FrameworkServlet.initServletBean(FrameworkServlet.java:547) Completed initialization in 8 ms
[08:30:59:181] [INFO] - org.springframework.boot.test.mock.web.SpringBootMockServletContext
     --- org.springframework.mock.web.MockServletContext.log(MockServletContext.java:455) Initializing Spring TestDispatcherServlet ''
[08:30:59:182] [INFO] - org.springframework.test.web.servlet.TestDispatcherServlet
     --- org.springframework.web.servlet.FrameworkServlet.initServletBean(FrameworkServlet.java:525) Initializing Servlet ''
[08:30:59:187] [INFO] - org.springframework.test.web.servlet.TestDispatcherServlet
     --- org.springframework.web.servlet.FrameworkServlet.initServletBean(FrameworkServlet.java:547) Completed initialization in 5 ms
[08:30:59:223] [INFO] - org.springframework.boot.test.context.SpringBootTestContextBootstrapper
     --- org.springframework.test.context.support.AbstractTestContextBootstrapper.buildDefaultMergedContextConfiguration(AbstractTestContextBootstrapper.java:308) Neither @ContextConfiguration nor @ContextHierarchy found for test class [chengweiou.universe.milkyway.controller.all.PetTest], using SpringBootContextLoader
[08:30:59:226] [INFO] - org.springframework.test.context.support.AbstractContextLoader
     --- org.springframework.test.context.support.AbstractContextLoader.generateDefaultLocations(AbstractContextLoader.java:264) Could not detect default resource locations for test class [chengweiou.universe.milkyway.controller.all.PetTest]: no resource found for suffixes {-context.xml, Context.groovy}.
[08:30:59:226] [INFO] - org.springframework.test.context.support.AnnotationConfigContextLoaderUtils
     --- org.springframework.test.context.support.AnnotationConfigContextLoaderUtils.detectDefaultConfigurationClasses(AnnotationConfigContextLoaderUtils.java:83) Could not detect default configuration classes for test class [chengweiou.universe.milkyway.controller.all.PetTest]: PetTest does not declare any static, non-private, non-final, nested classes annotated with @Configuration.
[08:30:59:238] [INFO] - org.springframework.boot.test.context.SpringBootTestContextBootstrapper
     --- org.springframework.boot.test.context.SpringBootTestContextBootstrapper.getOrFindConfigurationClasses(SpringBootTestContextBootstrapper.java:237) Found @SpringBootConfiguration chengweiou.universe.milkyway.MilkywayApplication for test class chengweiou.universe.milkyway.controller.all.PetTest
[08:30:59:240] [INFO] - org.springframework.boot.test.context.SpringBootTestContextBootstrapper
     --- org.springframework.test.context.support.AbstractTestContextBootstrapper.getDefaultTestExecutionListenerClassNames(AbstractTestContextBootstrapper.java:248) Loaded default TestExecutionListener class names from location [META-INF/spring.factories]: [org.springframework.boot.test.autoconfigure.restdocs.RestDocsTestExecutionListener, org.springframework.boot.test.autoconfigure.web.client.MockRestServiceServerResetTestExecutionListener, org.springframework.boot.test.autoconfigure.web.servlet.MockMvcPrintOnlyOnFailureTestExecutionListener, org.springframework.boot.test.autoconfigure.web.servlet.WebDriverTestExecutionListener, org.springframework.boot.test.autoconfigure.webservices.client.MockWebServiceServerTestExecutionListener, org.springframework.boot.test.mock.mockito.MockitoTestExecutionListener, org.springframework.boot.test.mock.mockito.ResetMocksTestExecutionListener, org.springframework.test.context.web.ServletTestExecutionListener, org.springframework.test.context.support.DirtiesContextBeforeModesTestExecutionListener, org.springframework.test.context.support.DependencyInjectionTestExecutionListener, org.springframework.test.context.support.DirtiesContextTestExecutionListener, org.springframework.test.context.transaction.TransactionalTestExecutionListener, org.springframework.test.context.jdbc.SqlScriptsTestExecutionListener, org.springframework.test.context.event.EventPublishingTestExecutionListener]
[08:30:59:241] [INFO] - org.springframework.boot.test.context.SpringBootTestContextBootstrapper
     --- org.springframework.test.context.support.AbstractTestContextBootstrapper.getTestExecutionListeners(AbstractTestContextBootstrapper.java:177) Using TestExecutionListeners: [org.springframework.test.context.web.ServletTestExecutionListener@5b5d6f9c, org.springframework.test.context.support.DirtiesContextBeforeModesTestExecutionListener@3514df8d, org.springframework.boot.test.mock.mockito.MockitoTestExecutionListener@b0e6d4e, org.springframework.boot.test.autoconfigure.SpringBootDependencyInjectionTestExecutionListener@2bf2523f, org.springframework.test.context.support.DirtiesContextTestExecutionListener@1be3e952, org.springframework.test.context.transaction.TransactionalTestExecutionListener@818a514, org.springframework.test.context.jdbc.SqlScriptsTestExecutionListener@7004cd44, org.springframework.test.context.event.EventPublishingTestExecutionListener@495e1ad1, org.springframework.boot.test.autoconfigure.restdocs.RestDocsTestExecutionListener@4d73d3d1, org.springframework.boot.test.autoconfigure.web.client.MockRestServiceServerResetTestExecutionListener@eef6e, org.springframework.boot.test.autoconfigure.web.servlet.MockMvcPrintOnlyOnFailureTestExecutionListener@56b66cc6, org.springframework.boot.test.autoconfigure.web.servlet.WebDriverTestExecutionListener@6f076c53, org.springframework.boot.test.autoconfigure.webservices.client.MockWebServiceServerTestExecutionListener@3c39c739, org.springframework.boot.test.mock.mockito.ResetMocksTestExecutionListener@4b3b2a4f]
[08:30:59:248] [INFO] - org.springframework.boot.test.mock.web.SpringBootMockServletContext
     --- org.springframework.mock.web.MockServletContext.log(MockServletContext.java:455) Initializing Spring TestDispatcherServlet ''
[08:30:59:248] [INFO] - org.springframework.test.web.servlet.TestDispatcherServlet
     --- org.springframework.web.servlet.FrameworkServlet.initServletBean(FrameworkServlet.java:525) Initializing Servlet ''
[08:30:59:251] [INFO] - org.springframework.test.web.servlet.TestDispatcherServlet
     --- org.springframework.web.servlet.FrameworkServlet.initServletBean(FrameworkServlet.java:547) Completed initialization in 3 ms
[08:30:59:298] [INFO] - org.springframework.boot.test.mock.web.SpringBootMockServletContext
     --- org.springframework.mock.web.MockServletContext.log(MockServletContext.java:455) Initializing Spring TestDispatcherServlet ''
[08:30:59:299] [INFO] - org.springframework.test.web.servlet.TestDispatcherServlet
     --- org.springframework.web.servlet.FrameworkServlet.initServletBean(FrameworkServlet.java:525) Initializing Servlet ''
[08:30:59:305] [INFO] - org.springframework.test.web.servlet.TestDispatcherServlet
     --- org.springframework.web.servlet.FrameworkServlet.initServletBean(FrameworkServlet.java:547) Completed initialization in 5 ms
[08:30:59:337] [INFO] - org.springframework.boot.test.mock.web.SpringBootMockServletContext
     --- org.springframework.mock.web.MockServletContext.log(MockServletContext.java:455) Initializing Spring TestDispatcherServlet ''
[08:30:59:338] [INFO] - org.springframework.test.web.servlet.TestDispatcherServlet
     --- org.springframework.web.servlet.FrameworkServlet.initServletBean(FrameworkServlet.java:525) Initializing Servlet ''
[08:30:59:346] [INFO] - org.springframework.test.web.servlet.TestDispatcherServlet
     --- org.springframework.web.servlet.FrameworkServlet.initServletBean(FrameworkServlet.java:547) Completed initialization in 8 ms
[08:30:59:413] [INFO] - org.springframework.scheduling.concurrent.ThreadPoolTaskExecutor
     --- org.springframework.scheduling.concurrent.ExecutorConfigurationSupport.shutdown(ExecutorConfigurationSupport.java:218) Shutting down ExecutorService 'applicationTaskExecutor'
[08:30:59:419] [INFO] - com.zaxxer.hikari.HikariDataSource
     --- com.zaxxer.hikari.HikariDataSource.close(HikariDataSource.java:350) HikariPool-1 - Shutdown initiated...
[08:30:59:429] [INFO] - com.zaxxer.hikari.HikariDataSource
     --- com.zaxxer.hikari.HikariDataSource.close(HikariDataSource.java:352) HikariPool-1 - Shutdown completed.
[10:19:40:962] [INFO] - org.springframework.boot.test.context.SpringBootTestContextBootstrapper
     --- org.springframework.test.context.support.AbstractTestContextBootstrapper.buildDefaultMergedContextConfiguration(AbstractTestContextBootstrapper.java:308) Neither @ContextConfiguration nor @ContextHierarchy found for test class [chengweiou.universe.milkyway.controller.me.PersonTest], using SpringBootContextLoader
[10:19:40:967] [INFO] - org.springframework.test.context.support.AbstractContextLoader
     --- org.springframework.test.context.support.AbstractContextLoader.generateDefaultLocations(AbstractContextLoader.java:264) Could not detect default resource locations for test class [chengweiou.universe.milkyway.controller.me.PersonTest]: no resource found for suffixes {-context.xml, Context.groovy}.
[10:19:40:968] [INFO] - org.springframework.test.context.support.AnnotationConfigContextLoaderUtils
     --- org.springframework.test.context.support.AnnotationConfigContextLoaderUtils.detectDefaultConfigurationClasses(AnnotationConfigContextLoaderUtils.java:83) Could not detect default configuration classes for test class [chengweiou.universe.milkyway.controller.me.PersonTest]: PersonTest does not declare any static, non-private, non-final, nested classes annotated with @Configuration.
[10:19:41:086] [INFO] - org.springframework.boot.test.context.SpringBootTestContextBootstrapper
     --- org.springframework.boot.test.context.SpringBootTestContextBootstrapper.getOrFindConfigurationClasses(SpringBootTestContextBootstrapper.java:237) Found @SpringBootConfiguration chengweiou.universe.milkyway.MilkywayApplication for test class chengweiou.universe.milkyway.controller.me.PersonTest
[10:19:41:173] [INFO] - org.springframework.boot.test.context.SpringBootTestContextBootstrapper
     --- org.springframework.test.context.support.AbstractTestContextBootstrapper.getDefaultTestExecutionListenerClassNames(AbstractTestContextBootstrapper.java:248) Loaded default TestExecutionListener class names from location [META-INF/spring.factories]: [org.springframework.boot.test.autoconfigure.restdocs.RestDocsTestExecutionListener, org.springframework.boot.test.autoconfigure.web.client.MockRestServiceServerResetTestExecutionListener, org.springframework.boot.test.autoconfigure.web.servlet.MockMvcPrintOnlyOnFailureTestExecutionListener, org.springframework.boot.test.autoconfigure.web.servlet.WebDriverTestExecutionListener, org.springframework.boot.test.autoconfigure.webservices.client.MockWebServiceServerTestExecutionListener, org.springframework.boot.test.mock.mockito.MockitoTestExecutionListener, org.springframework.boot.test.mock.mockito.ResetMocksTestExecutionListener, org.springframework.test.context.web.ServletTestExecutionListener, org.springframework.test.context.support.DirtiesContextBeforeModesTestExecutionListener, org.springframework.test.context.support.DependencyInjectionTestExecutionListener, org.springframework.test.context.support.DirtiesContextTestExecutionListener, org.springframework.test.context.transaction.TransactionalTestExecutionListener, org.springframework.test.context.jdbc.SqlScriptsTestExecutionListener, org.springframework.test.context.event.EventPublishingTestExecutionListener]
[10:19:41:187] [INFO] - org.springframework.boot.test.context.SpringBootTestContextBootstrapper
     --- org.springframework.test.context.support.AbstractTestContextBootstrapper.getTestExecutionListeners(AbstractTestContextBootstrapper.java:177) Using TestExecutionListeners: [org.springframework.test.context.web.ServletTestExecutionListener@7af1cd63, org.springframework.test.context.support.DirtiesContextBeforeModesTestExecutionListener@4351171a, org.springframework.boot.test.mock.mockito.MockitoTestExecutionListener@3c2772d1, org.springframework.boot.test.autoconfigure.SpringBootDependencyInjectionTestExecutionListener@37d00a23, org.springframework.test.context.support.DirtiesContextTestExecutionListener@433e536f, org.springframework.test.context.transaction.TransactionalTestExecutionListener@89c65d5, org.springframework.test.context.jdbc.SqlScriptsTestExecutionListener@faa3fed, org.springframework.test.context.event.EventPublishingTestExecutionListener@381cad29, org.springframework.boot.test.autoconfigure.restdocs.RestDocsTestExecutionListener@988246e, org.springframework.boot.test.autoconfigure.web.client.MockRestServiceServerResetTestExecutionListener@62515a47, org.springframework.boot.test.autoconfigure.web.servlet.MockMvcPrintOnlyOnFailureTestExecutionListener@3c5a54b7, org.springframework.boot.test.autoconfigure.web.servlet.WebDriverTestExecutionListener@61f2c3f0, org.springframework.boot.test.autoconfigure.webservices.client.MockWebServiceServerTestExecutionListener@291120f4, org.springframework.boot.test.mock.mockito.ResetMocksTestExecutionListener@417ad4f3]
[10:19:41:499] [INFO] - chengweiou.universe.milkyway.controller.me.PersonTest
     --- org.springframework.boot.StartupInfoLogger.logStarting(StartupInfoLogger.java:55) Starting PersonTest on chengweis-MBP.lan with PID 92109 (started by chengweiou in /Users/chengweiou/Desktop/project/universe/milkyway)
[10:19:41:503] [INFO] - chengweiou.universe.milkyway.controller.me.PersonTest
     --- org.springframework.boot.SpringApplication.logStartupProfileInfo(SpringApplication.java:655) The following profiles are active: test
[10:19:42:668] [INFO] - org.springframework.data.repository.config.RepositoryConfigurationDelegate
     --- org.springframework.data.repository.config.RepositoryConfigurationDelegate.multipleStoresDetected(RepositoryConfigurationDelegate.java:249) Multiple Spring Data modules found, entering strict repository configuration mode!
[10:19:42:672] [INFO] - org.springframework.data.repository.config.RepositoryConfigurationDelegate
     --- org.springframework.data.repository.config.RepositoryConfigurationDelegate.registerRepositoriesIn(RepositoryConfigurationDelegate.java:127) Bootstrapping Spring Data Redis repositories in DEFAULT mode.
[10:19:42:706] [INFO] - org.springframework.data.repository.config.RepositoryConfigurationDelegate
     --- org.springframework.data.repository.config.RepositoryConfigurationDelegate.registerRepositoriesIn(RepositoryConfigurationDelegate.java:187) Finished Spring Data repository scanning in 17ms. Found 0 Redis repository interfaces.
[10:19:43:621] [INFO] - com.zaxxer.hikari.HikariDataSource
     --- com.zaxxer.hikari.HikariDataSource.getConnection(HikariDataSource.java:110) HikariPool-1 - Starting...
[10:19:43:925] [INFO] - com.zaxxer.hikari.HikariDataSource
     --- com.zaxxer.hikari.HikariDataSource.getConnection(HikariDataSource.java:123) HikariPool-1 - Start completed.
[10:19:45:504] [INFO] - org.springframework.scheduling.concurrent.ThreadPoolTaskExecutor
     --- org.springframework.scheduling.concurrent.ExecutorConfigurationSupport.initialize(ExecutorConfigurationSupport.java:181) Initializing ExecutorService 'applicationTaskExecutor'
[10:19:46:969] [INFO] - org.springframework.boot.autoconfigure.h2.H2ConsoleAutoConfiguration
     --- org.springframework.boot.autoconfigure.h2.H2ConsoleAutoConfiguration.lambda$h2Console$0(H2ConsoleAutoConfiguration.java:74) H2 console available at '/h2-console'. Database available at 'jdbc:h2:mem:test'
[10:19:47:061] [INFO] - org.springframework.boot.actuate.endpoint.web.EndpointLinksResolver
     --- org.springframework.boot.actuate.endpoint.web.EndpointLinksResolver.<init>(EndpointLinksResolver.java:58) Exposing 2 endpoint(s) beneath base path '/actuator'
[10:19:47:159] [INFO] - chengweiou.universe.milkyway.controller.me.PersonTest
     --- org.springframework.boot.StartupInfoLogger.logStarted(StartupInfoLogger.java:61) Started PersonTest in 5.927 seconds (JVM running for 7.685)
[10:19:47:196] [INFO] - org.springframework.boot.test.mock.web.SpringBootMockServletContext
     --- org.springframework.mock.web.MockServletContext.log(MockServletContext.java:455) Initializing Spring TestDispatcherServlet ''
[10:19:47:196] [INFO] - org.springframework.test.web.servlet.TestDispatcherServlet
     --- org.springframework.web.servlet.FrameworkServlet.initServletBean(FrameworkServlet.java:525) Initializing Servlet ''
[10:19:47:208] [INFO] - org.springframework.test.web.servlet.TestDispatcherServlet
     --- org.springframework.web.servlet.FrameworkServlet.initServletBean(FrameworkServlet.java:547) Completed initialization in 12 ms
[10:19:47:586] [INFO] - org.springframework.boot.test.mock.web.SpringBootMockServletContext
     --- org.springframework.mock.web.MockServletContext.log(MockServletContext.java:455) Initializing Spring TestDispatcherServlet ''
[10:19:47:587] [INFO] - org.springframework.test.web.servlet.TestDispatcherServlet
     --- org.springframework.web.servlet.FrameworkServlet.initServletBean(FrameworkServlet.java:525) Initializing Servlet ''
[10:19:47:590] [INFO] - org.springframework.test.web.servlet.TestDispatcherServlet
     --- org.springframework.web.servlet.FrameworkServlet.initServletBean(FrameworkServlet.java:547) Completed initialization in 3 ms
[10:19:47:648] [INFO] - org.springframework.boot.test.mock.web.SpringBootMockServletContext
     --- org.springframework.mock.web.MockServletContext.log(MockServletContext.java:455) Initializing Spring TestDispatcherServlet ''
[10:19:47:649] [INFO] - org.springframework.test.web.servlet.TestDispatcherServlet
     --- org.springframework.web.servlet.FrameworkServlet.initServletBean(FrameworkServlet.java:525) Initializing Servlet ''
[10:19:47:652] [INFO] - org.springframework.test.web.servlet.TestDispatcherServlet
     --- org.springframework.web.servlet.FrameworkServlet.initServletBean(FrameworkServlet.java:547) Completed initialization in 3 ms
[10:19:47:692] [INFO] - org.springframework.boot.test.context.SpringBootTestContextBootstrapper
     --- org.springframework.test.context.support.AbstractTestContextBootstrapper.buildDefaultMergedContextConfiguration(AbstractTestContextBootstrapper.java:308) Neither @ContextConfiguration nor @ContextHierarchy found for test class [chengweiou.universe.milkyway.controller.mg.PetTest], using SpringBootContextLoader
[10:19:47:695] [INFO] - org.springframework.test.context.support.AbstractContextLoader
     --- org.springframework.test.context.support.AbstractContextLoader.generateDefaultLocations(AbstractContextLoader.java:264) Could not detect default resource locations for test class [chengweiou.universe.milkyway.controller.mg.PetTest]: no resource found for suffixes {-context.xml, Context.groovy}.
[10:19:47:695] [INFO] - org.springframework.test.context.support.AnnotationConfigContextLoaderUtils
     --- org.springframework.test.context.support.AnnotationConfigContextLoaderUtils.detectDefaultConfigurationClasses(AnnotationConfigContextLoaderUtils.java:83) Could not detect default configuration classes for test class [chengweiou.universe.milkyway.controller.mg.PetTest]: PetTest does not declare any static, non-private, non-final, nested classes annotated with @Configuration.
[10:19:47:706] [INFO] - org.springframework.boot.test.context.SpringBootTestContextBootstrapper
     --- org.springframework.boot.test.context.SpringBootTestContextBootstrapper.getOrFindConfigurationClasses(SpringBootTestContextBootstrapper.java:237) Found @SpringBootConfiguration chengweiou.universe.milkyway.MilkywayApplication for test class chengweiou.universe.milkyway.controller.mg.PetTest
[10:19:47:708] [INFO] - org.springframework.boot.test.context.SpringBootTestContextBootstrapper
     --- org.springframework.test.context.support.AbstractTestContextBootstrapper.getDefaultTestExecutionListenerClassNames(AbstractTestContextBootstrapper.java:248) Loaded default TestExecutionListener class names from location [META-INF/spring.factories]: [org.springframework.boot.test.autoconfigure.restdocs.RestDocsTestExecutionListener, org.springframework.boot.test.autoconfigure.web.client.MockRestServiceServerResetTestExecutionListener, org.springframework.boot.test.autoconfigure.web.servlet.MockMvcPrintOnlyOnFailureTestExecutionListener, org.springframework.boot.test.autoconfigure.web.servlet.WebDriverTestExecutionListener, org.springframework.boot.test.autoconfigure.webservices.client.MockWebServiceServerTestExecutionListener, org.springframework.boot.test.mock.mockito.MockitoTestExecutionListener, org.springframework.boot.test.mock.mockito.ResetMocksTestExecutionListener, org.springframework.test.context.web.ServletTestExecutionListener, org.springframework.test.context.support.DirtiesContextBeforeModesTestExecutionListener, org.springframework.test.context.support.DependencyInjectionTestExecutionListener, org.springframework.test.context.support.DirtiesContextTestExecutionListener, org.springframework.test.context.transaction.TransactionalTestExecutionListener, org.springframework.test.context.jdbc.SqlScriptsTestExecutionListener, org.springframework.test.context.event.EventPublishingTestExecutionListener]
[10:19:47:708] [INFO] - org.springframework.boot.test.context.SpringBootTestContextBootstrapper
     --- org.springframework.test.context.support.AbstractTestContextBootstrapper.getTestExecutionListeners(AbstractTestContextBootstrapper.java:177) Using TestExecutionListeners: [org.springframework.test.context.web.ServletTestExecutionListener@6f53295e, org.springframework.test.context.support.DirtiesContextBeforeModesTestExecutionListener@5f8a29ca, org.springframework.boot.test.mock.mockito.MockitoTestExecutionListener@4f93a8f6, org.springframework.boot.test.autoconfigure.SpringBootDependencyInjectionTestExecutionListener@492d38a2, org.springframework.test.context.support.DirtiesContextTestExecutionListener@3fc2e100, org.springframework.test.context.transaction.TransactionalTestExecutionListener@31885b4b, org.springframework.test.context.jdbc.SqlScriptsTestExecutionListener@638e8194, org.springframework.test.context.event.EventPublishingTestExecutionListener@43c64d6f, org.springframework.boot.test.autoconfigure.restdocs.RestDocsTestExecutionListener@6b247ef6, org.springframework.boot.test.autoconfigure.web.client.MockRestServiceServerResetTestExecutionListener@188532da, org.springframework.boot.test.autoconfigure.web.servlet.MockMvcPrintOnlyOnFailureTestExecutionListener@f10927f, org.springframework.boot.test.autoconfigure.web.servlet.WebDriverTestExecutionListener@7e4c0bc7, org.springframework.boot.test.autoconfigure.webservices.client.MockWebServiceServerTestExecutionListener@36570936, org.springframework.boot.test.mock.mockito.ResetMocksTestExecutionListener@775fec4]
[10:19:47:716] [INFO] - org.springframework.boot.test.mock.web.SpringBootMockServletContext
     --- org.springframework.mock.web.MockServletContext.log(MockServletContext.java:455) Initializing Spring TestDispatcherServlet ''
[10:19:47:717] [INFO] - org.springframework.test.web.servlet.TestDispatcherServlet
     --- org.springframework.web.servlet.FrameworkServlet.initServletBean(FrameworkServlet.java:525) Initializing Servlet ''
[10:19:47:720] [INFO] - org.springframework.test.web.servlet.TestDispatcherServlet
     --- org.springframework.web.servlet.FrameworkServlet.initServletBean(FrameworkServlet.java:547) Completed initialization in 3 ms
[10:19:47:777] [INFO] - org.springframework.boot.test.mock.web.SpringBootMockServletContext
     --- org.springframework.mock.web.MockServletContext.log(MockServletContext.java:455) Initializing Spring TestDispatcherServlet ''
[10:19:47:778] [INFO] - org.springframework.test.web.servlet.TestDispatcherServlet
     --- org.springframework.web.servlet.FrameworkServlet.initServletBean(FrameworkServlet.java:525) Initializing Servlet ''
[10:19:47:781] [INFO] - org.springframework.test.web.servlet.TestDispatcherServlet
     --- org.springframework.web.servlet.FrameworkServlet.initServletBean(FrameworkServlet.java:547) Completed initialization in 3 ms
[10:19:47:819] [INFO] - org.springframework.boot.test.mock.web.SpringBootMockServletContext
     --- org.springframework.mock.web.MockServletContext.log(MockServletContext.java:455) Initializing Spring TestDispatcherServlet ''
[10:19:47:819] [INFO] - org.springframework.test.web.servlet.TestDispatcherServlet
     --- org.springframework.web.servlet.FrameworkServlet.initServletBean(FrameworkServlet.java:525) Initializing Servlet ''
[10:19:47:823] [INFO] - org.springframework.test.web.servlet.TestDispatcherServlet
     --- org.springframework.web.servlet.FrameworkServlet.initServletBean(FrameworkServlet.java:547) Completed initialization in 4 ms
[10:19:47:857] [INFO] - org.springframework.boot.test.mock.web.SpringBootMockServletContext
     --- org.springframework.mock.web.MockServletContext.log(MockServletContext.java:455) Initializing Spring TestDispatcherServlet ''
[10:19:47:858] [INFO] - org.springframework.test.web.servlet.TestDispatcherServlet
     --- org.springframework.web.servlet.FrameworkServlet.initServletBean(FrameworkServlet.java:525) Initializing Servlet ''
[10:19:47:862] [INFO] - org.springframework.test.web.servlet.TestDispatcherServlet
     --- org.springframework.web.servlet.FrameworkServlet.initServletBean(FrameworkServlet.java:547) Completed initialization in 4 ms
[10:19:47:903] [INFO] - org.springframework.boot.test.context.SpringBootTestContextBootstrapper
     --- org.springframework.test.context.support.AbstractTestContextBootstrapper.buildDefaultMergedContextConfiguration(AbstractTestContextBootstrapper.java:308) Neither @ContextConfiguration nor @ContextHierarchy found for test class [chengweiou.universe.milkyway.controller.mg.PersonTest], using SpringBootContextLoader
[10:19:47:906] [INFO] - org.springframework.test.context.support.AbstractContextLoader
     --- org.springframework.test.context.support.AbstractContextLoader.generateDefaultLocations(AbstractContextLoader.java:264) Could not detect default resource locations for test class [chengweiou.universe.milkyway.controller.mg.PersonTest]: no resource found for suffixes {-context.xml, Context.groovy}.
[10:19:47:906] [INFO] - org.springframework.test.context.support.AnnotationConfigContextLoaderUtils
     --- org.springframework.test.context.support.AnnotationConfigContextLoaderUtils.detectDefaultConfigurationClasses(AnnotationConfigContextLoaderUtils.java:83) Could not detect default configuration classes for test class [chengweiou.universe.milkyway.controller.mg.PersonTest]: PersonTest does not declare any static, non-private, non-final, nested classes annotated with @Configuration.
[10:19:47:909] [INFO] - org.springframework.boot.test.context.SpringBootTestContextBootstrapper
     --- org.springframework.boot.test.context.SpringBootTestContextBootstrapper.getOrFindConfigurationClasses(SpringBootTestContextBootstrapper.java:237) Found @SpringBootConfiguration chengweiou.universe.milkyway.MilkywayApplication for test class chengweiou.universe.milkyway.controller.mg.PersonTest
[10:19:47:912] [INFO] - org.springframework.boot.test.context.SpringBootTestContextBootstrapper
     --- org.springframework.test.context.support.AbstractTestContextBootstrapper.getDefaultTestExecutionListenerClassNames(AbstractTestContextBootstrapper.java:248) Loaded default TestExecutionListener class names from location [META-INF/spring.factories]: [org.springframework.boot.test.autoconfigure.restdocs.RestDocsTestExecutionListener, org.springframework.boot.test.autoconfigure.web.client.MockRestServiceServerResetTestExecutionListener, org.springframework.boot.test.autoconfigure.web.servlet.MockMvcPrintOnlyOnFailureTestExecutionListener, org.springframework.boot.test.autoconfigure.web.servlet.WebDriverTestExecutionListener, org.springframework.boot.test.autoconfigure.webservices.client.MockWebServiceServerTestExecutionListener, org.springframework.boot.test.mock.mockito.MockitoTestExecutionListener, org.springframework.boot.test.mock.mockito.ResetMocksTestExecutionListener, org.springframework.test.context.web.ServletTestExecutionListener, org.springframework.test.context.support.DirtiesContextBeforeModesTestExecutionListener, org.springframework.test.context.support.DependencyInjectionTestExecutionListener, org.springframework.test.context.support.DirtiesContextTestExecutionListener, org.springframework.test.context.transaction.TransactionalTestExecutionListener, org.springframework.test.context.jdbc.SqlScriptsTestExecutionListener, org.springframework.test.context.event.EventPublishingTestExecutionListener]
[10:19:47:912] [INFO] - org.springframework.boot.test.context.SpringBootTestContextBootstrapper
     --- org.springframework.test.context.support.AbstractTestContextBootstrapper.getTestExecutionListeners(AbstractTestContextBootstrapper.java:177) Using TestExecutionListeners: [org.springframework.test.context.web.ServletTestExecutionListener@377cc0f8, org.springframework.test.context.support.DirtiesContextBeforeModesTestExecutionListener@25c98637, org.springframework.boot.test.mock.mockito.MockitoTestExecutionListener@fbdba1c, org.springframework.boot.test.autoconfigure.SpringBootDependencyInjectionTestExecutionListener@108fd5d5, org.springframework.test.context.support.DirtiesContextTestExecutionListener@4125bc3c, org.springframework.test.context.transaction.TransactionalTestExecutionListener@28b47211, org.springframework.test.context.jdbc.SqlScriptsTestExecutionListener@4abb4041, org.springframework.test.context.event.EventPublishingTestExecutionListener@247415be, org.springframework.boot.test.autoconfigure.restdocs.RestDocsTestExecutionListener@48dc9950, org.springframework.boot.test.autoconfigure.web.client.MockRestServiceServerResetTestExecutionListener@43735ea0, org.springframework.boot.test.autoconfigure.web.servlet.MockMvcPrintOnlyOnFailureTestExecutionListener@535aa7c7, org.springframework.boot.test.autoconfigure.web.servlet.WebDriverTestExecutionListener@578781f7, org.springframework.boot.test.autoconfigure.webservices.client.MockWebServiceServerTestExecutionListener@7bbd944e, org.springframework.boot.test.mock.mockito.ResetMocksTestExecutionListener@22e253c7]
[10:19:47:924] [INFO] - org.springframework.boot.test.mock.web.SpringBootMockServletContext
     --- org.springframework.mock.web.MockServletContext.log(MockServletContext.java:455) Initializing Spring TestDispatcherServlet ''
[10:19:47:925] [INFO] - org.springframework.test.web.servlet.TestDispatcherServlet
     --- org.springframework.web.servlet.FrameworkServlet.initServletBean(FrameworkServlet.java:525) Initializing Servlet ''
[10:19:47:928] [INFO] - org.springframework.test.web.servlet.TestDispatcherServlet
     --- org.springframework.web.servlet.FrameworkServlet.initServletBean(FrameworkServlet.java:547) Completed initialization in 3 ms
[10:19:47:971] [INFO] - org.springframework.boot.test.mock.web.SpringBootMockServletContext
     --- org.springframework.mock.web.MockServletContext.log(MockServletContext.java:455) Initializing Spring TestDispatcherServlet ''
[10:19:47:972] [INFO] - org.springframework.test.web.servlet.TestDispatcherServlet
     --- org.springframework.web.servlet.FrameworkServlet.initServletBean(FrameworkServlet.java:525) Initializing Servlet ''
[10:19:47:975] [INFO] - org.springframework.test.web.servlet.TestDispatcherServlet
     --- org.springframework.web.servlet.FrameworkServlet.initServletBean(FrameworkServlet.java:547) Completed initialization in 3 ms
[10:19:48:007] [INFO] - org.springframework.boot.test.mock.web.SpringBootMockServletContext
     --- org.springframework.mock.web.MockServletContext.log(MockServletContext.java:455) Initializing Spring TestDispatcherServlet ''
[10:19:48:007] [INFO] - org.springframework.test.web.servlet.TestDispatcherServlet
     --- org.springframework.web.servlet.FrameworkServlet.initServletBean(FrameworkServlet.java:525) Initializing Servlet ''
[10:19:48:013] [INFO] - org.springframework.test.web.servlet.TestDispatcherServlet
     --- org.springframework.web.servlet.FrameworkServlet.initServletBean(FrameworkServlet.java:547) Completed initialization in 6 ms
[10:19:48:141] [INFO] - org.springframework.boot.test.mock.web.SpringBootMockServletContext
     --- org.springframework.mock.web.MockServletContext.log(MockServletContext.java:455) Initializing Spring TestDispatcherServlet ''
[10:19:48:142] [INFO] - org.springframework.test.web.servlet.TestDispatcherServlet
     --- org.springframework.web.servlet.FrameworkServlet.initServletBean(FrameworkServlet.java:525) Initializing Servlet ''
[10:19:48:146] [INFO] - org.springframework.test.web.servlet.TestDispatcherServlet
     --- org.springframework.web.servlet.FrameworkServlet.initServletBean(FrameworkServlet.java:547) Completed initialization in 4 ms
[10:19:48:187] [INFO] - org.springframework.boot.test.mock.web.SpringBootMockServletContext
     --- org.springframework.mock.web.MockServletContext.log(MockServletContext.java:455) Initializing Spring TestDispatcherServlet ''
[10:19:48:188] [INFO] - org.springframework.test.web.servlet.TestDispatcherServlet
     --- org.springframework.web.servlet.FrameworkServlet.initServletBean(FrameworkServlet.java:525) Initializing Servlet ''
[10:19:48:193] [INFO] - org.springframework.test.web.servlet.TestDispatcherServlet
     --- org.springframework.web.servlet.FrameworkServlet.initServletBean(FrameworkServlet.java:547) Completed initialization in 5 ms
[10:19:48:229] [INFO] - org.springframework.boot.test.mock.web.SpringBootMockServletContext
     --- org.springframework.mock.web.MockServletContext.log(MockServletContext.java:455) Initializing Spring TestDispatcherServlet ''
[10:19:48:229] [INFO] - org.springframework.test.web.servlet.TestDispatcherServlet
     --- org.springframework.web.servlet.FrameworkServlet.initServletBean(FrameworkServlet.java:525) Initializing Servlet ''
[10:19:48:233] [INFO] - org.springframework.test.web.servlet.TestDispatcherServlet
     --- org.springframework.web.servlet.FrameworkServlet.initServletBean(FrameworkServlet.java:547) Completed initialization in 4 ms
[10:19:48:265] [INFO] - org.springframework.boot.test.context.SpringBootTestContextBootstrapper
     --- org.springframework.test.context.support.AbstractTestContextBootstrapper.buildDefaultMergedContextConfiguration(AbstractTestContextBootstrapper.java:308) Neither @ContextConfiguration nor @ContextHierarchy found for test class [chengweiou.universe.milkyway.controller.all.PetTest], using SpringBootContextLoader
[10:19:48:267] [INFO] - org.springframework.test.context.support.AbstractContextLoader
     --- org.springframework.test.context.support.AbstractContextLoader.generateDefaultLocations(AbstractContextLoader.java:264) Could not detect default resource locations for test class [chengweiou.universe.milkyway.controller.all.PetTest]: no resource found for suffixes {-context.xml, Context.groovy}.
[10:19:48:268] [INFO] - org.springframework.test.context.support.AnnotationConfigContextLoaderUtils
     --- org.springframework.test.context.support.AnnotationConfigContextLoaderUtils.detectDefaultConfigurationClasses(AnnotationConfigContextLoaderUtils.java:83) Could not detect default configuration classes for test class [chengweiou.universe.milkyway.controller.all.PetTest]: PetTest does not declare any static, non-private, non-final, nested classes annotated with @Configuration.
[10:19:48:276] [INFO] - org.springframework.boot.test.context.SpringBootTestContextBootstrapper
     --- org.springframework.boot.test.context.SpringBootTestContextBootstrapper.getOrFindConfigurationClasses(SpringBootTestContextBootstrapper.java:237) Found @SpringBootConfiguration chengweiou.universe.milkyway.MilkywayApplication for test class chengweiou.universe.milkyway.controller.all.PetTest
[10:19:48:278] [INFO] - org.springframework.boot.test.context.SpringBootTestContextBootstrapper
     --- org.springframework.test.context.support.AbstractTestContextBootstrapper.getDefaultTestExecutionListenerClassNames(AbstractTestContextBootstrapper.java:248) Loaded default TestExecutionListener class names from location [META-INF/spring.factories]: [org.springframework.boot.test.autoconfigure.restdocs.RestDocsTestExecutionListener, org.springframework.boot.test.autoconfigure.web.client.MockRestServiceServerResetTestExecutionListener, org.springframework.boot.test.autoconfigure.web.servlet.MockMvcPrintOnlyOnFailureTestExecutionListener, org.springframework.boot.test.autoconfigure.web.servlet.WebDriverTestExecutionListener, org.springframework.boot.test.autoconfigure.webservices.client.MockWebServiceServerTestExecutionListener, org.springframework.boot.test.mock.mockito.MockitoTestExecutionListener, org.springframework.boot.test.mock.mockito.ResetMocksTestExecutionListener, org.springframework.test.context.web.ServletTestExecutionListener, org.springframework.test.context.support.DirtiesContextBeforeModesTestExecutionListener, org.springframework.test.context.support.DependencyInjectionTestExecutionListener, org.springframework.test.context.support.DirtiesContextTestExecutionListener, org.springframework.test.context.transaction.TransactionalTestExecutionListener, org.springframework.test.context.jdbc.SqlScriptsTestExecutionListener, org.springframework.test.context.event.EventPublishingTestExecutionListener]
[10:19:48:278] [INFO] - org.springframework.boot.test.context.SpringBootTestContextBootstrapper
     --- org.springframework.test.context.support.AbstractTestContextBootstrapper.getTestExecutionListeners(AbstractTestContextBootstrapper.java:177) Using TestExecutionListeners: [org.springframework.test.context.web.ServletTestExecutionListener@6f076c53, org.springframework.test.context.support.DirtiesContextBeforeModesTestExecutionListener@3c39c739, org.springframework.boot.test.mock.mockito.MockitoTestExecutionListener@4b3b2a4f, org.springframework.boot.test.autoconfigure.SpringBootDependencyInjectionTestExecutionListener@2e8eafb2, org.springframework.test.context.support.DirtiesContextTestExecutionListener@7a3f3bc4, org.springframework.test.context.transaction.TransactionalTestExecutionListener@8cd2bb5, org.springframework.test.context.jdbc.SqlScriptsTestExecutionListener@1a3611b1, org.springframework.test.context.event.EventPublishingTestExecutionListener@419ece7a, org.springframework.boot.test.autoconfigure.restdocs.RestDocsTestExecutionListener@427c2c96, org.springframework.boot.test.autoconfigure.web.client.MockRestServiceServerResetTestExecutionListener@238d27ef, org.springframework.boot.test.autoconfigure.web.servlet.MockMvcPrintOnlyOnFailureTestExecutionListener@91c11b6, org.springframework.boot.test.autoconfigure.web.servlet.WebDriverTestExecutionListener@3ec6f3f1, org.springframework.boot.test.autoconfigure.webservices.client.MockWebServiceServerTestExecutionListener@1dfd6023, org.springframework.boot.test.mock.mockito.ResetMocksTestExecutionListener@57859e2c]
[10:19:48:289] [INFO] - org.springframework.boot.test.mock.web.SpringBootMockServletContext
     --- org.springframework.mock.web.MockServletContext.log(MockServletContext.java:455) Initializing Spring TestDispatcherServlet ''
[10:19:48:289] [INFO] - org.springframework.test.web.servlet.TestDispatcherServlet
     --- org.springframework.web.servlet.FrameworkServlet.initServletBean(FrameworkServlet.java:525) Initializing Servlet ''
[10:19:48:291] [INFO] - org.springframework.test.web.servlet.TestDispatcherServlet
     --- org.springframework.web.servlet.FrameworkServlet.initServletBean(FrameworkServlet.java:547) Completed initialization in 2 ms
[10:19:48:328] [INFO] - org.springframework.boot.test.mock.web.SpringBootMockServletContext
     --- org.springframework.mock.web.MockServletContext.log(MockServletContext.java:455) Initializing Spring TestDispatcherServlet ''
[10:19:48:328] [INFO] - org.springframework.test.web.servlet.TestDispatcherServlet
     --- org.springframework.web.servlet.FrameworkServlet.initServletBean(FrameworkServlet.java:525) Initializing Servlet ''
[10:19:48:332] [INFO] - org.springframework.test.web.servlet.TestDispatcherServlet
     --- org.springframework.web.servlet.FrameworkServlet.initServletBean(FrameworkServlet.java:547) Completed initialization in 4 ms
[10:19:48:363] [INFO] - org.springframework.boot.test.mock.web.SpringBootMockServletContext
     --- org.springframework.mock.web.MockServletContext.log(MockServletContext.java:455) Initializing Spring TestDispatcherServlet ''
[10:19:48:363] [INFO] - org.springframework.test.web.servlet.TestDispatcherServlet
     --- org.springframework.web.servlet.FrameworkServlet.initServletBean(FrameworkServlet.java:525) Initializing Servlet ''
[10:19:48:369] [INFO] - org.springframework.test.web.servlet.TestDispatcherServlet
     --- org.springframework.web.servlet.FrameworkServlet.initServletBean(FrameworkServlet.java:547) Completed initialization in 6 ms
[10:19:48:432] [INFO] - org.springframework.scheduling.concurrent.ThreadPoolTaskExecutor
     --- org.springframework.scheduling.concurrent.ExecutorConfigurationSupport.shutdown(ExecutorConfigurationSupport.java:218) Shutting down ExecutorService 'applicationTaskExecutor'
[10:19:48:437] [INFO] - com.zaxxer.hikari.HikariDataSource
     --- com.zaxxer.hikari.HikariDataSource.close(HikariDataSource.java:350) HikariPool-1 - Shutdown initiated...
[10:19:48:443] [INFO] - com.zaxxer.hikari.HikariDataSource
     --- com.zaxxer.hikari.HikariDataSource.close(HikariDataSource.java:352) HikariPool-1 - Shutdown completed.
[10:19:53:656] [INFO] - chengweiou.universe.milkyway.MilkywayApplication
     --- org.springframework.boot.StartupInfoLogger.logStarting(StartupInfoLogger.java:55) Starting MilkywayApplication on chengweis-MBP.lan with PID 92127 (/Users/chengweiou/Desktop/project/universe/milkyway/out/production/classes started by chengweiou in /Users/chengweiou/Desktop/project/universe/milkyway)
[10:19:53:661] [INFO] - chengweiou.universe.milkyway.MilkywayApplication
     --- org.springframework.boot.SpringApplication.logStartupProfileInfo(SpringApplication.java:655) The following profiles are active: dev
[10:19:53:701] [INFO] - org.springframework.boot.devtools.env.DevToolsPropertyDefaultsPostProcessor
     --- org.springframework.boot.logging.DeferredLog.logTo(DeferredLog.java:225) Devtools property defaults active! Set 'spring.devtools.add-properties' to 'false' to disable
[10:19:53:701] [INFO] - org.springframework.boot.devtools.env.DevToolsPropertyDefaultsPostProcessor
     --- org.springframework.boot.logging.DeferredLog.logTo(DeferredLog.java:225) For additional web related logging consider setting the 'logging.level.web' property to 'DEBUG'
[10:19:54:543] [INFO] - org.springframework.data.repository.config.RepositoryConfigurationDelegate
     --- org.springframework.data.repository.config.RepositoryConfigurationDelegate.multipleStoresDetected(RepositoryConfigurationDelegate.java:249) Multiple Spring Data modules found, entering strict repository configuration mode!
[10:19:54:546] [INFO] - org.springframework.data.repository.config.RepositoryConfigurationDelegate
     --- org.springframework.data.repository.config.RepositoryConfigurationDelegate.registerRepositoriesIn(RepositoryConfigurationDelegate.java:127) Bootstrapping Spring Data Redis repositories in DEFAULT mode.
[10:19:54:574] [INFO] - org.springframework.data.repository.config.RepositoryConfigurationDelegate
     --- org.springframework.data.repository.config.RepositoryConfigurationDelegate.registerRepositoriesIn(RepositoryConfigurationDelegate.java:187) Finished Spring Data repository scanning in 16ms. Found 0 Redis repository interfaces.
[10:19:55:143] [WARN] - io.undertow.websockets.jsr
     --- io.undertow.websockets.jsr.Bootstrap.handleDeployment(Bootstrap.java:68) UT026010: Buffer pool was not set on WebSocketDeploymentInfo, the default pool will be used
[10:19:55:180] [INFO] - io.undertow.servlet
     --- io.undertow.servlet.spec.ServletContextImpl.log(ServletContextImpl.java:364) Initializing Spring embedded WebApplicationContext
[10:19:55:182] [INFO] - org.springframework.boot.web.servlet.context.ServletWebServerApplicationContext
     --- org.springframework.boot.web.servlet.context.ServletWebServerApplicationContext.prepareWebApplicationContext(ServletWebServerApplicationContext.java:285) Root WebApplicationContext: initialization completed in 1480 ms
[10:19:55:355] [INFO] - com.zaxxer.hikari.HikariDataSource
     --- com.zaxxer.hikari.HikariDataSource.getConnection(HikariDataSource.java:110) HikariPool-1 - Starting...
[10:19:55:466] [INFO] - com.zaxxer.hikari.HikariDataSource
     --- com.zaxxer.hikari.HikariDataSource.getConnection(HikariDataSource.java:123) HikariPool-1 - Start completed.
[10:19:55:472] [INFO] - org.springframework.boot.autoconfigure.h2.H2ConsoleAutoConfiguration
     --- org.springframework.boot.autoconfigure.h2.H2ConsoleAutoConfiguration.lambda$h2Console$0(H2ConsoleAutoConfiguration.java:74) H2 console available at '/h2-console'. Database available at 'jdbc:postgresql://127.0.0.1/universe?currentSchema=milkyway'
[10:19:55:932] [INFO] - org.springframework.scheduling.concurrent.ThreadPoolTaskExecutor
     --- org.springframework.scheduling.concurrent.ExecutorConfigurationSupport.initialize(ExecutorConfigurationSupport.java:181) Initializing ExecutorService 'applicationTaskExecutor'
[10:19:56:622] [INFO] - org.springframework.boot.devtools.autoconfigure.OptionalLiveReloadServer
     --- org.springframework.boot.devtools.autoconfigure.OptionalLiveReloadServer.startServer(OptionalLiveReloadServer.java:58) LiveReload server is running on port 35729
[10:19:56:626] [INFO] - org.springframework.boot.actuate.endpoint.web.EndpointLinksResolver
     --- org.springframework.boot.actuate.endpoint.web.EndpointLinksResolver.<init>(EndpointLinksResolver.java:58) Exposing 2 endpoint(s) beneath base path '/actuator'
[10:19:56:669] [INFO] - io.undertow
     --- io.undertow.Undertow.start(Undertow.java:117) starting server: Undertow - 2.1.3.Final
[10:19:56:676] [INFO] - org.xnio
     --- org.xnio.Xnio.<clinit>(Xnio.java:95) XNIO version 3.8.0.Final
[10:19:56:688] [INFO] - org.xnio.nio
     --- org.xnio.nio.NioXnio.<clinit>(NioXnio.java:59) XNIO NIO Implementation Version 3.8.0.Final
[10:19:56:732] [INFO] - org.jboss.threads
     --- org.jboss.threads.Version.<clinit>(Version.java:52) JBoss Threads version 3.1.0.Final
[10:19:56:784] [INFO] - org.springframework.boot.web.embedded.undertow.UndertowWebServer
     --- org.springframework.boot.web.embedded.undertow.UndertowWebServer.start(UndertowWebServer.java:133) Undertow started on port(s) 60843 (http) with context path '/milkyway'
[10:19:56:817] [INFO] - chengweiou.universe.milkyway.MilkywayApplication
     --- org.springframework.boot.StartupInfoLogger.logStarted(StartupInfoLogger.java:61) Started MilkywayApplication in 3.474 seconds (JVM running for 4.427)
[10:20:32:961] [INFO] - io.undertow
     --- io.undertow.Undertow.stop(Undertow.java:252) stopping server: Undertow - 2.1.3.Final
[10:20:32:987] [INFO] - org.springframework.scheduling.concurrent.ThreadPoolTaskExecutor
     --- org.springframework.scheduling.concurrent.ExecutorConfigurationSupport.shutdown(ExecutorConfigurationSupport.java:218) Shutting down ExecutorService 'applicationTaskExecutor'
[10:20:32:988] [INFO] - com.zaxxer.hikari.HikariDataSource
     --- com.zaxxer.hikari.HikariDataSource.close(HikariDataSource.java:350) HikariPool-1 - Shutdown initiated...
[10:20:32:994] [INFO] - com.zaxxer.hikari.HikariDataSource
     --- com.zaxxer.hikari.HikariDataSource.close(HikariDataSource.java:352) HikariPool-1 - Shutdown completed.
